<?xml version="1.0" encoding="utf-8"?><testsuites name="pytest tests"><testsuite name="pytest" errors="0" failures="0" skipped="0" tests="22" time="3.764" timestamp="2026-08-13T20:57:19.269190+00:00" hostname="agent-env-51459464-9ea5-4274-9ad5-7fc0b715754f"><testcase classname="tests.backend_test.TestOnboarding" name="test_register_new_user" time="0.366" /><testcase classname="tests.backend_test.TestUploads" name="test_upload_requires_auth" time="0.122" /><testcase classname="tests.backend_test.TestOnboarding" name="test_register_duplicate_email_rejected" time="0.252" /><testcase classname="tests.backend_test.TestUploads" name="test_upload_image" time="0.821" /><testcase classname="tests.backend_test.TestOnboarding" name="test_patch_me_updates_profile_and_persists" time="0.170" /><testcase classname="tests.backend_test.TestOnboarding" name="test_new_user_xirr_is_null" time="0.083" /><testcase classname="tests.backend_test.TestOnboarding" name="test_me_requires_auth" time="0.126" /><testcase classname="tests.backend_test.TestUploads" name="test_get_media_image_bytes_match" time="0.492" /><testcase classname="tests.backend_test.TestNotifications" name="test_requires_auth" time="0.085" /><testcase classname="tests.backend_test.TestNotifications" name="test_ece_marks_read_baseline" time="0.456" /><testcase classname="tests.backend_test.TestUploads" name="test_get_media_404" time="0.124" /><testcase classname="tests.backend_test.TestUploads" name="test_upload_video" time="0.684" /><testcase classname="tests.backend_test.TestNotifications" name="test_deniz_post_fans_out_to_ece" time="1.412" /><testcase classname="tests.backend_test.TestUploads" name="test_get_media_video" time="0.575" /><testcase classname="tests.backend_test.TestUploads" name="test_upload_invalid_type_400" time="0.034" /><testcase classname="tests.backend_test.TestUploads" name="test_post_with_video_url" time="0.118" /><testcase classname="tests.backend_test.TestNotifications" name="test_mark_read_sets_unread_zero" time="0.117" /><testcase classname="tests.backend_test.TestXirr" name="test_deniz_portfolio_has_xirr" time="0.035" /><testcase classname="tests.backend_test.TestXirr" name="test_unit_xirr_module" time="0.001" /><testcase classname="tests.backend_test.TestGoldenDemo" name="test_feed_thyao_disclosure" time="0.092" /><testcase classname="tests.backend_test.TestNotifications" name="test_author_gets_no_self_notification" time="0.035" /><testcase classname="tests.backend_test.TestHealth" name="test_root" time="0.071" /></testsuite></testsuites>