<?xml version="1.0" encoding="utf-8"?><testsuites name="pytest tests"><testsuite name="pytest" errors="0" failures="1" skipped="1" tests="109" time="38.072" timestamp="2026-08-14T03:40:38.540985+00:00" hostname="agent-env-51459464-9ea5-4274-9ad5-7fc0b715754f"><testcase classname="tests.test_iteration5.TestMarketSearch" name="test_top_hit[THYAO-THYAO]" time="0.849" /><testcase classname="tests.test_iteration5.TestRegressionSweep" name="test_endpoint_200[/auth/me]" time="0.850" /><testcase classname="tests.test_iteration5.TestMarketSearch" name="test_top_hit[THYAO.IS-THYAO]" time="0.068" /><testcase classname="tests.test_iteration5.TestRegressionSweep" name="test_endpoint_200[/feed]" time="0.499" /><testcase classname="tests.test_iteration5.TestMarketSearch" name="test_top_hit[BIST:THYAO-THYAO]" time="0.461" /><testcase classname="tests.test_iteration5.TestRegressionSweep" name="test_endpoint_200[/portfolio]" time="0.029" /><testcase classname="tests.test_iteration5.TestMarketSearch" name="test_top_hit[thyao-THYAO]" time="0.029" /><testcase classname="tests.test_iteration5.TestRegressionSweep" name="test_endpoint_200[/portfolio/transactions]" time="0.030" /><testcase classname="tests.test_iteration5.TestMarketSearch" name="test_top_hit[t\xfcrk hava-THYAO]" time="0.070" /><testcase classname="tests.test_iteration5.TestRegressionSweep" name="test_endpoint_200[/portfolio/performance]" time="0.032" /><testcase classname="tests.test_iteration5.TestRegressionSweep" name="test_endpoint_200[/notifications]" time="0.070" /><testcase classname="tests.test_iteration5.TestMarketSearch" name="test_top_hit[TUPRS-TUPRS]" time="0.069" /><testcase classname="tests.test_iteration5.TestRegressionSweep" name="test_endpoint_200[/market/movers]" time="2.598" /><testcase classname="tests.test_iteration5.TestMarketSearch" name="test_top_hit[t\xfcpra\u015f-TUPRS]" time="2.562" /><testcase classname="tests.test_iteration5.TestRegressionSweep" name="test_endpoint_200[/market/search?q=THYAO]" time="0.070" /><testcase classname="tests.test_iteration5.TestMarketSearch" name="test_top_hit[aselsan-ASELS]" time="0.068" /><testcase classname="tests.test_iteration5.TestMarketSearch" name="test_top_hit[bim-BIMAS]" time="0.070" /><testcase classname="tests.test_iteration5.TestRegressionSweep" name="test_endpoint_200[/users/deniz.yatirim]" time="0.033" /><testcase classname="tests.test_iteration5.TestRegressionSweep" name="test_endpoint_200[/users/deniz.yatirim/posts]" time="0.039" /><testcase classname="tests.test_iteration5.TestMarketSearch" name="test_top_hit[ko\xe7 holding-KCHOL]" time="0.068" /><testcase classname="tests.test_iteration5.TestRegressionSweep" name="test_endpoint_200[/users/deniz.yatirim/disclosures]" time="0.029" /><testcase classname="tests.test_iteration5.TestRegressionSweep" name="test_endpoint_200[/alerts]" time="0.029" /><testcase classname="tests.test_iteration5.TestRegressionSweep" name="test_open_a_post_and_its_media" time="0.714" /><testcase classname="tests.test_iteration5.TestMarketSearch" name="test_top_hit[ASTOR-ASTOR]" time="0.029" /><testcase classname="tests.test_iteration5.TestMarketSearch" name="test_top_hit[asto-ASTOR]" time="0.028" /><testcase classname="tests.test_iteration5.TestMarketSearch" name="test_top_hit[GARAN-GARAN]" time="0.197" /><testcase classname="tests.test_iteration5.TestMarketSearch" name="test_top_hit[EREGL-EREGL]" time="0.029" /><testcase classname="tests.test_iteration5.TestMarketSearch" name="test_top_hit[MGROS-MGROS]" time="0.068" /><testcase classname="tests.test_iteration3.TestInstrumentSearch" name="test_tickers_astor" time="0.427" /><testcase classname="tests.backend_test.TestUploads" name="test_upload_requires_auth" time="0.117" /><testcase classname="tests.test_iteration3.TestInstrumentSearch" name="test_tickers_case_insensitive" time="0.240" /><testcase classname="tests.backend_test.TestUploads" name="test_upload_image" time="2.151" /><testcase classname="tests.test_iteration3.TestInstrumentSearch" name="test_universe_size" time="0.065" /><testcase classname="tests.test_iteration3.TestInstrumentSearch" name="test_search_enerji_multiple" time="1.890" /><testcase classname="tests.backend_test.TestUploads" name="test_get_media_image_bytes_match" time="0.366" /><testcase classname="tests.test_iteration3.TestInstrumentSearch" name="test_search_energy_sector" time="0.079" /><testcase classname="tests.test_iteration3.TestInstrumentSearch" name="test_search_missing_q_is_422" time="0.076" /><testcase classname="tests.test_iteration3.TestInstrumentSearch" name="test_search_no_result" time="0.093" /><testcase classname="tests.test_iteration3.TestInstrumentSearch" name="test_quote_astor" time="0.073" /><testcase classname="tests.backend_test.TestUploads" name="test_get_media_404" time="0.245" /><testcase classname="tests.test_iteration4.TestRegressions" name="test_notifications_route_registered_once" time="0.515" /><testcase classname="tests.backend_test.TestUploads" name="test_upload_video" time="0.551" /><testcase classname="tests.test_iteration4.TestRegressions" name="test_instrument_search_astor" time="0.071" /><testcase classname="tests.test_iteration4.TestRegressions" name="test_ticker_movers" time="0.066" /><testcase classname="tests.test_iteration4.TestRegressions" name="test_portfolio_xirr" time="0.027" /><testcase classname="tests.test_iteration4.TestRegressions" name="test_dividend_flow_invariance" time="0.229" /><testcase classname="tests.backend_test.TestUploads" name="test_get_media_video" time="0.752" /><testcase classname="tests.test_iteration4.TestRegressions" name="test_alerts_crud" time="0.262" /><testcase classname="tests.test_iteration4.TestRegressions" name="test_media_range_streaming" time="0.095"><skipped type="pytest.skip" message="no local media in feed">/app/backend/tests/test_iteration4.py:213: no local media in feed</skipped></testcase><testcase classname="tests.test_iteration3.TestRegression" name="test_me" time="0.378" /><testcase classname="tests.backend_test.TestUploads" name="test_upload_invalid_type_400" time="0.027" /><testcase classname="tests.backend_test.TestUploads" name="test_post_with_video_url" time="0.100" /><testcase classname="tests.test_iteration3.TestRegression" name="test_bad_login" time="0.294" /><testcase classname="tests.test_upload_sizes" name="test_upload_image_sizes[8]" time="1.183" /><testcase classname="tests.test_iteration3.TestRegression" name="test_login_sets_httponly_cookie" time="0.303" /><testcase classname="tests.test_iteration3.TestRegression" name="test_bcrypt_hash_format" time="0.006" /><testcase classname="tests.test_iteration3.TestRegression" name="test_alerts_crud" time="0.598" /><testcase classname="tests.test_iteration3.TestRegression" name="test_notifications" time="0.034" /><testcase classname="tests.backend_test.TestOnboarding" name="test_register_new_user" time="0.312" /><testcase classname="tests.test_upload_sizes" name="test_upload_image_sizes[200]" time="1.070" /><testcase classname="tests.backend_test.TestOnboarding" name="test_register_duplicate_email_rejected" time="0.082" /><testcase classname="tests.backend_test.TestOnboarding" name="test_patch_me_updates_profile_and_persists" time="0.144" /><testcase classname="tests.backend_test.TestOnboarding" name="test_new_user_xirr_is_null" time="0.081" /><testcase classname="tests.backend_test.TestOnboarding" name="test_me_requires_auth" time="0.076" /><testcase classname="tests.backend_test.TestNotifications" name="test_requires_auth" time="0.067" /><testcase classname="tests.backend_test.TestNotifications" name="test_ece_marks_read_baseline" time="0.411" /><testcase classname="tests.test_upload_sizes" name="test_upload_image_sizes[900]" time="1.646" /><testcase classname="tests.backend_test.TestNotifications" name="test_deniz_post_fans_out_to_ece" time="1.066" /><testcase classname="tests.backend_test.TestNotifications" name="test_mark_read_sets_unread_zero" time="0.072" /><testcase classname="tests.backend_test.TestNotifications" name="test_author_gets_no_self_notification" time="0.069" /><testcase classname="tests.test_iteration3.TestPrivacy" name="test_portfolio_requires_auth" time="0.379" /><testcase classname="tests.test_upload_sizes" name="test_upload_image_sizes[1500]" time="3.123" /><testcase classname="tests.test_iteration3.TestPrivacy" name="test_disclosures_public_no_money" time="0.081" /><testcase classname="tests.test_iteration3.TestPrivacy" name="test_disclosures_only_disclosed_tickers" time="0.160" /><testcase classname="tests.test_iteration3.TestPrivacy" name="test_ece_cannot_see_deniz_portfolio" time="0.398" /><testcase classname="tests.test_iteration3.TestPrivacy" name="test_disclosures_unknown_user_404" time="0.091" /><testcase classname="tests.test_iteration5.TestHeadMedia" name="test_head_real_image_200_and_headers_match_get" time="0.599" /><testcase classname="tests.test_iteration5.TestHeadMedia" name="test_head_real_video_200" time="0.850" /><testcase classname="tests.test_iteration5.TestHeadMedia" name="test_head_bogus_id_404_not_405" time="0.077" /><testcase classname="tests.test_iteration5.TestHeadMedia" name="test_get_bogus_id_404" time="0.094" /><testcase classname="tests.test_iteration5.TestHeadMedia" name="test_head_repeated_is_stable" time="8.775" /><testcase classname="tests.test_upload_sizes" name="test_upload_video_sizes[200]" time="20.095" /><testcase classname="tests.test_iteration3.TestDividends" name="test_seeded_dividend_totals" time="0.322" /><testcase classname="tests.test_iteration3.TestDividends" name="test_dividend_does_not_change_quantity" time="0.170" /><testcase classname="tests.test_iteration3.TestDividends" name="test_dividend_delete_reverts" time="0.140" /><testcase classname="tests.test_iteration3.TestDividends" name="test_invalid_tx_type_rejected" time="0.137" /><testcase classname="tests.backend_test.TestXirr" name="test_deniz_portfolio_has_xirr" time="0.033" /><testcase classname="tests.backend_test.TestXirr" name="test_unit_xirr_module" time="0.000" /><testcase classname="tests.test_iteration3.TestGoldenDemo" name="test_feed_astor_and_thyao_disclosures" time="0.375" /><testcase classname="tests.test_iteration3.TestGoldenDemo" name="test_thyao_thesis_current_lower" time="0.087" /><testcase classname="tests.test_iteration4.TestFeedPrivacy" name="test_feed_has_no_leak_and_valid_change_status" time="0.076" /><testcase classname="tests.test_iteration4.TestFeedPrivacy" name="test_post_detail_has_no_leak" time="0.168" /><testcase classname="tests.test_iteration5.TestBrokenMediaPost" name="test_post_with_broken_image_url_is_served" time="0.231" /><testcase classname="tests.test_iteration5.TestBrokenMediaPost" name="test_delete_post_endpoint_missing" time="0.105"><failure message="AssertionError: DELETE /api/posts/{id} not implemented -&gt; 405; users cannot delete posts&#10;assert 405 in (200, 204)&#10; +  where 405 = &lt;Response [405]&gt;.status_code">self = &lt;test_iteration5.TestBrokenMediaPost object at 0xfbb6b04b5810&gt;
deniz = &lt;requests.sessions.Session object at 0xfbb6b0f85910&gt;

    def test_delete_post_endpoint_missing(self, deniz):
        """Documents the missing DELETE /api/posts/{id} route (405 Method Not Allowed)."""
        r = deniz.post(f"{API}/posts", json={"text": "TEST_it5 delete-route probe"}, timeout=60)
        assert r.status_code in (200, 201)
        pid = r.json()["id"]
        d = deniz.delete(f"{API}/posts/{pid}", timeout=30)
        _mongo().posts.delete_one({"id": pid})
&gt;       assert d.status_code in (200, 204), (
            f"DELETE /api/posts/{{id}} not implemented -&gt; {d.status_code}; users cannot delete posts")
E       AssertionError: DELETE /api/posts/{id} not implemented -&gt; 405; users cannot delete posts
E       assert 405 in (200, 204)
E        +  where 405 = &lt;Response [405]&gt;.status_code

tests/test_iteration5.py:193: AssertionError</failure></testcase><testcase classname="tests.test_iteration5_journey.TestUserJourney" name="test_full_journey_no_unexpected_errors" time="0.821" /><testcase classname="tests.test_iteration5_journey.TestUserJourney" name="test_frontend_probe_paths_do_not_404" time="0.439" /><testcase classname="tests.test_privacy_probe" name="test_hidden_allocation_is_not_leaked_by_disclosures" time="0.532" /><testcase classname="tests.test_privacy_probe" name="test_quantity_not_leaked_publicly" time="0.085" /><testcase classname="tests.backend_test.TestHealth" name="test_root" time="0.064" /><testcase classname="tests.backend_test.TestGoldenDemo" name="test_feed_thyao_disclosure" time="0.088" /><testcase classname="tests.test_iteration3.TestBuyAstor" name="test_buy_astor_updates_holdings" time="0.467" /><testcase classname="tests.test_iteration4.TestRoot" name="test_market_data_source_is_real_provider" time="0.094" /><testcase classname="tests.test_iteration4.TestGoldenDisclosures" name="test_deniz_disclosures_use_last_disclosed" time="0.073" /><testcase classname="tests.test_iteration4.TestHiddenPost" name="test_hidden_post_yields_no_numbers" time="0.525" /><testcase classname="tests.test_media_range" name="test_upload_and_range_206" time="1.559" /><testcase classname="tests.test_upload_sizes" name="test_upload_video_sizes[1100]" time="0.692" /><testcase classname="tests.test_iteration5.TestAuthRefresh" name="test_refresh_without_token_401" time="0.086" /><testcase classname="tests.test_iteration5.TestAuthRefresh" name="test_refresh_with_bad_token_401" time="0.066" /><testcase classname="tests.test_iteration5.TestAuthRefresh" name="test_refresh_returns_new_usable_token" time="0.096" /></testsuite></testsuites>